<?xml version="1.0" encoding="UTF-8"?>
<testsuite name="SIAutomtion.EndToEndFlows2" tests="5" failures="5" errors="0" time="1.194"><properties>
[...]
</properties><testcase name="TestCase1" time="0.571"><properties>
[...]
</properties><failure type="Cancelling due to failed test step" message="Cancelling due to failed test step"><![CDATA[<h3><b>Groovy Script Failed</b></h3><pre>java.io.FileNotFoundException: C:\Users\dhavalkumar.sheth\Desktop\soap1\Data\EndToEndFlows2Input2.xls (The process cannot access the file because it is being used by another process)
error at line: 20
</pre><hr/>]]></failure></testcase><testcase name="TestCase2" time="0.187"><properties>
[...]
</properties><failure type="Cancelling due to failed test step" message="Cancelling due to failed test step"><![CDATA[<h3><b>Groovy Script Failed</b></h3><pre>java.io.FileNotFoundException: C:\Users\dhavalkumar.sheth\Desktop\soap1\Data\EndToEndFlows2Input2.xls (The process cannot access the file because it is being used by another process)
error at line: 20
</pre><hr/>]]></failure></testcase><testcase name="TestCase3" time="0.142"><properties>
[...]
</properties><failure type="Cancelling due to failed test step" message="Cancelling due to failed test step"><![CDATA[<h3><b>Groovy Script Failed</b></h3><pre>java.io.FileNotFoundException: C:\Users\dhavalkumar.sheth\Desktop\soap1\Data\EndToEndFlows2Input2.xls (The process cannot access the file because it is being used by another process)
error at line: 20
</pre><hr/>]]></failure></testcase><testcase name="TestCase4" time="0.14"><properties>
[...]
</properties><failure type="Cancelling due to failed test step" message="Cancelling due to failed test step"><![CDATA[<h3><b>Groovy Script Failed</b></h3><pre>java.io.FileNotFoundException: C:\Users\dhavalkumar.sheth\Desktop\soap1\Data\EndToEndFlows2Input2.xls (The process cannot access the file because it is being used by another process)
error at line: 20
</pre><hr/>]]></failure></testcase><testcase name="TestCase5" time="0.154"><properties>
[...]
</properties><failure type="Cancelling due to failed test step" message="Cancelling due to failed test step"><![CDATA[<h3><b>Groovy Script Failed</b></h3><pre>java.io.FileNotFoundException: C:\Users\dhavalkumar.sheth\Desktop\soap1\Data\EndToEndFlows2Input2.xls (The process cannot access the file because it is being used by another process)
error at line: 20
</pre><hr/>]]></failure></testcase></testsuite>